<?xml version="1.0" encoding="UTF-8"?>
<testng-results skipped="0" failed="0" ignored="0" total="3" passed="3">
  <reporter-output>
  </reporter-output>
  <suite name="Loan Department" duration-ms="114" started-at="2018-03-18T14:57:25Z" finished-at="2018-03-18T14:57:25Z">
    <groups>
    </groups>
    <test name="Personal Loan" duration-ms="114" started-at="2018-03-18T14:57:25Z" finished-at="2018-03-18T14:57:25Z">
      <class name="test.day2">
        <test-method status="PASS" signature="Demo()[pri:0, instance:test.day2@5d5eef3d]" name="Demo" duration-ms="9" started-at="2018-03-18T14:57:25Z" finished-at="2018-03-18T14:57:25Z">
          <reporter-output>
          </reporter-output>
        </test-method> <!-- Demo -->
      </class> <!-- test.day2 -->
      <class name="test.day1">
        <test-method status="PASS" signature="Demo()[pri:0, instance:test.day1@4439f31e]" name="Demo" duration-ms="21" started-at="2018-03-18T14:57:25Z" finished-at="2018-03-18T14:57:25Z">
          <reporter-output>
          </reporter-output>
        </test-method> <!-- Demo -->
        <test-method status="PASS" signature="Demo2()[pri:0, instance:test.day1@4439f31e]" name="Demo2" duration-ms="8" started-at="2018-03-18T14:57:25Z" finished-at="2018-03-18T14:57:25Z">
          <reporter-output>
          </reporter-output>
        </test-method> <!-- Demo2 -->
      </class> <!-- test.day1 -->
    </test> <!-- Personal Loan -->
  </suite> <!-- Loan Department -->
</testng-results>
